<?xml version="1.0" encoding="UTF-8"?>
<testsuite name="testBasic.VulnerabilityTestTodoist" tests="1" skipped="0" failures="0" errors="0" timestamp="2020-08-18T14:43:50" hostname="LIM-LP1797" time="31.825">
  <properties/>
  <testcase name="runVulnerabilityTest" classname="testBasic.VulnerabilityTestTodoist" time="31.825"/>
  <system-out><![CDATA[OWASP status % 100
]]></system-out>
  <system-err><![CDATA[]]></system-err>
</testsuite>
