<?xml version="1.0" encoding="UTF-8"?>
<testsuite name="testBasic.TestBasic" tests="1" skipped="0" failures="0" errors="0" timestamp="2020-08-18T14:43:16" hostname="LIM-LP1797" time="17.894">
  <properties/>
  <testcase name="testSeleniumLogin" classname="testBasic.TestBasic" time="17.894"/>
  <system-out><![CDATA[]]></system-out>
  <system-err><![CDATA[SLF4J: Failed to load class "org.slf4j.impl.StaticLoggerBinder".
SLF4J: Defaulting to no-operation (NOP) logger implementation
SLF4J: See http://www.slf4j.org/codes.html#StaticLoggerBinder for further details.
Starting ChromeDriver 84.0.4147.30 (48b3e868b4cc0aa7e8149519690b6f6949e110a8-refs/branch-heads/4147@{#310}) on port 15883
Only local connections are allowed.
Please see https://chromedriver.chromium.org/security-considerations for suggestions on keeping ChromeDriver safe.
ChromeDriver was started successfully.
Aug 18, 2020 9:43:21 AM org.openqa.selenium.remote.ProtocolHandshake createSession
INFO: Detected dialect: W3C
]]></system-err>
</testsuite>
