<?xml version="1.0" encoding="UTF-8"?>
<testsuite name="testBasic.TestBasicLogin" tests="1" skipped="0" failures="0" errors="0" timestamp="2020-08-18T14:43:34" hostname="LIM-LP1797" time="15.948">
  <properties/>
  <testcase name="verifyloginfunctionality" classname="testBasic.TestBasicLogin" time="15.948"/>
  <system-out><![CDATA[]]></system-out>
  <system-err><![CDATA[Starting ChromeDriver 84.0.4147.30 (48b3e868b4cc0aa7e8149519690b6f6949e110a8-refs/branch-heads/4147@{#310}) on port 6596
Only local connections are allowed.
Please see https://chromedriver.chromium.org/security-considerations for suggestions on keeping ChromeDriver safe.
ChromeDriver was started successfully.
Aug 18, 2020 9:43:38 AM org.openqa.selenium.remote.ProtocolHandshake createSession
INFO: Detected dialect: W3C
]]></system-err>
</testsuite>
